[ 2025-01-28 12:06:53,021 ] 97 werkzeug INFO [31m[1mWARNING: This is a development server. Do not use it in a production deployment. Use a production WSGI server instead.[0m
 * Running on http://127.0.0.1:8080
[ 2025-01-28 12:06:53,022 ] 97 werkzeug INFO [33mPress CTRL+C to quit[0m
[ 2025-01-28 12:06:53,022 ] 97 werkzeug INFO  * Restarting with stat
[ 2025-01-28 12:06:53,120 ] 97 werkzeug WARNING  * Debugger is active!
[ 2025-01-28 12:06:53,126 ] 97 werkzeug INFO  * Debugger PIN: 761-884-013
[ 2025-01-28 12:07:11,234 ] 97 werkzeug INFO 127.0.0.1 - - [28/Jan/2025 12:07:11] "[33mGET /api/v1/player?name=Diogo%20Dalot HTTP/1.1[0m" 404 -
[ 2025-01-28 12:07:14,957 ] 9 root INFO We are testing our second method of logging
[ 2025-01-28 12:07:14,958 ] 97 werkzeug INFO 127.0.0.1 - - [28/Jan/2025 12:07:14] "GET / HTTP/1.1" 200 -
[ 2025-01-28 16:16:18,233 ] 97 werkzeug INFO  * Detected change in '/Users/maitreyakocharekar/Documents/MLproject/ml_pipeline_project/src/exception.py', reloading
[ 2025-01-28 16:16:18,283 ] 97 werkzeug INFO  * Restarting with stat
[ 2025-01-28 16:16:24,570 ] 97 werkzeug INFO  * Restarting with stat
[ 2025-01-28 16:16:25,755 ] 97 werkzeug INFO  * Restarting with stat
[ 2025-01-28 16:46:03,224 ] 97 werkzeug INFO  * Restarting with stat
[ 2025-01-28 16:49:12,201 ] 97 werkzeug INFO  * Restarting with stat
[ 2025-01-28 16:59:46,167 ] 97 werkzeug INFO  * Restarting with stat
[ 2025-01-28 17:01:58,721 ] 97 werkzeug INFO  * Restarting with stat
[ 2025-01-28 19:30:51,409 ] 97 werkzeug INFO  * Restarting with stat
[ 2025-01-28 19:31:14,823 ] 97 werkzeug INFO  * Restarting with stat
[ 2025-01-28 19:37:59,120 ] 97 werkzeug INFO  * Restarting with stat
[ 2025-01-28 19:38:02,349 ] 97 werkzeug INFO  * Restarting with stat
[ 2025-01-28 19:42:50,417 ] 97 werkzeug INFO  * Restarting with stat
[ 2025-01-28 19:42:52,628 ] 97 werkzeug INFO  * Restarting with stat
[ 2025-01-28 19:42:54,798 ] 97 werkzeug INFO  * Restarting with stat
[ 2025-01-28 19:47:13,589 ] 97 werkzeug INFO  * Restarting with stat
[ 2025-01-28 19:51:31,506 ] 97 werkzeug INFO  * Restarting with stat
[ 2025-01-28 19:52:21,236 ] 97 werkzeug INFO  * Restarting with stat
[ 2025-01-28 19:56:57,399 ] 97 werkzeug INFO  * Restarting with stat
[ 2025-01-28 19:58:03,250 ] 97 werkzeug INFO  * Restarting with stat
[ 2025-01-28 20:00:22,031 ] 97 werkzeug INFO  * Restarting with stat
[ 2025-01-28 20:01:32,934 ] 97 werkzeug INFO  * Restarting with stat
[ 2025-01-28 20:01:45,299 ] 97 werkzeug INFO  * Restarting with stat
[ 2025-01-30 09:56:30,058 ] 97 werkzeug INFO  * Restarting with stat
